#
# A fatal error has been detected by the Java Runtime Environment:
#
#  EXCEPTION_ACCESS_VIOLATION (0xc0000005) at pc=0x00000000408a66ae, pid=21808, tid=21412
#
# JRE version: 7.0_11-b21
# Java VM: Java HotSpot(TM) 64-Bit Server VM (23.6-b04 mixed mode windows-amd64 compressed oops)
# Problematic frame:
# J  com.jniwrapper.g.readPointer(I)J
#
# Failed to write core dump. Minidumps are not enabled by default on client versions of Windows
#
# If you would like to submit a bug report, please visit:
#   http://bugreport.sun.com/bugreport/crash.jsp
#

---------------  T H R E A D  ---------------

Current thread (0x000000003debf000):  JavaThread "Main message loop" daemon [_thread_in_Java, id=21412, stack(0x000000015c030000,0x0000000160030000)]

siginfo: ExceptionCode=0xc0000005, reading address 0x0000000000000001

Registers:
RAX=0x00000000e3c34980, RBX=0x00000000e3c34980, RCX=0x00000000fbc4cb88, RDX=0x00000000fbc4cb88
RSP=0x000000016001c7f0, RBP=0x00000000fbc4cc08, RSI=0x00000000e3d7b298, RDI=0x0000000000000001
R8 =0x0000000000000000, R9 =0x00000000e0241858, R10=0x0000000000000001, R11=0x0000000000000001
R12=0x0000000000000000, R13=0x000000016001c828, R14=0x000000016001c888, R15=0x000000003debf000
RIP=0x00000000408a66ae, EFLAGS=0x0000000000010246

Top of Stack: (sp=0x000000016001c7f0)
0x000000016001c7f0:   000000016001c878 000000004029d98c
0x000000016001c800:   000000003debf000 00000000000000b9
0x000000016001c810:   000000016001c878 00000000402869c3
0x000000016001c820:   00000000402869c3 0000000000000000
0x000000016001c830:   00000000fbc4cb88 000000016001c838
0x000000016001c840:   00000000e3d77988 000000016001c888
0x000000016001c850:   00000000e3d8ac00 0000000000000000
0x000000016001c860:   00000000e3d77998 000000016001c828
0x000000016001c870:   000000016001c888 000000016001c8d8
0x000000016001c880:   0000000040286315 00000000fbc41668
0x000000016001c890:   00000000fbc41668 000000016001c898
0x000000016001c8a0:   00000000e3d777a2 000000016001c910
0x000000016001c8b0:   00000000e3d8ac00 0000000000000000
0x000000016001c8c0:   00000000e3d777b8 000000016001c888
0x000000016001c8d0:   000000016001c920 000000016001c998
0x000000016001c8e0:   000000004088307c 0000000000000001 

Instructions: (pc=0x00000000408a66ae)
0x00000000408a668e:   8b ea 45 85 c0 7c 40 44 8b 5d 1c 45 2b d8 41 83
0x00000000408a669e:   fb 08 7c 33 4c 8b 55 10 44 0f b6 5d 2a 4d 63 c0
0x00000000408a66ae:   4b 8b 04 02 45 85 db 74 2a 48 83 c4 20 5d 85 05
0x00000000408a66be:   3e 99 cc c7 c3 ba de ff ff ff 41 8b ea 44 89 04 


Register to memory mapping:

RAX=0x00000000e3c34980 is an oop
{method} 
 - klass: {other class}
RBX=0x00000000e3c34980 is an oop
{method} 
 - klass: {other class}
RCX=0x00000000fbc4cb88 is an oop
com.jniwrapper.v 
 - klass: 'com/jniwrapper/v'
RDX=0x00000000fbc4cb88 is an oop
com.jniwrapper.v 
 - klass: 'com/jniwrapper/v'
RSP=0x000000016001c7f0 is pointing into the stack for thread: 0x000000003debf000
RBP=0x00000000fbc4cc08 is an oop
java.nio.DirectByteBuffer 
 - klass: 'java/nio/DirectByteBuffer'
RSI=0x00000000e3d7b298 is an oop
{instance class} 
 - klass: {other class}
RDI=0x0000000000000001 is an unknown value
R8 =0x0000000000000000 is an unknown value
R9 =0x00000000e0241858 is an oop
{instance class} 
 - klass: {other class}
R10=0x0000000000000001 is an unknown value
R11=0x0000000000000001 is an unknown value
R12=0x0000000000000000 is an unknown value
R13=0x000000016001c828 is pointing into the stack for thread: 0x000000003debf000
R14=0x000000016001c888 is pointing into the stack for thread: 0x000000003debf000
R15=0x000000003debf000 is a thread


Stack: [0x000000015c030000,0x0000000160030000],  sp=0x000000016001c7f0,  free space=65457k
Native frames: (J=compiled Java code, j=interpreted, Vv=VM code, C=native code)
J  com.jniwrapper.g.readPointer(I)J


---------------  P R O C E S S  ---------------

Java Threads: ( => current thread )
  0x00000000751d4000 JavaThread "Browser Events Thread" daemon [_thread_blocked, id=17784, stack(0x00000002080d0000,0x000000020c0d0000)]
=>0x000000003debf000 JavaThread "Main message loop" daemon [_thread_in_Java, id=21412, stack(0x000000015c030000,0x0000000160030000)]
  0x000000003debd000 JavaThread "Browser Events Thread" daemon [_thread_blocked, id=24636, stack(0x00000000d0000000,0x00000000d4000000)]
  0x000000003debe800 JavaThread "Timer-2" daemon [_thread_blocked, id=21696, stack(0x0000000124000000,0x0000000128000000)]
  0x000000003debd800 JavaThread "Main message loop" daemon [_thread_in_native, id=24680, stack(0x000000011c000000,0x0000000120000000)]
  0x000000003debb800 JavaThread "com.jniwrapper.NativeResourceCollector" daemon [_thread_blocked, id=25228, stack(0x000000010c000000,0x0000000110000000)]
  0x000000003e0c9800 JavaThread "Code Analyzer updating thread" [_thread_blocked, id=25356, stack(0x0000000150030000,0x0000000154030000)]
  0x000000003e0c8000 JavaThread "Foxtrot Multi Worker Thread Runner #2" daemon [_thread_blocked, id=24140, stack(0x000000001ef70000,0x0000000022f70000)]
  0x0000000054f52800 JavaThread "Code Analyzer updating thread" [_thread_blocked, id=9420, stack(0x0000000140030000,0x0000000144030000)]
  0x0000000054f52000 JavaThread "Prefs Updater" daemon [_thread_blocked, id=21172, stack(0x000000013c000000,0x0000000140000000)]
  0x0000000054f4e000 JavaThread "Foxtrot Single Worker Thread #1" daemon [_thread_blocked, id=25340, stack(0x0000000104000000,0x0000000108000000)]
  0x0000000054f48000 JavaThread "Active Reference Queue Daemon" daemon [_thread_blocked, id=18768, stack(0x0000000118000000,0x000000011c000000)]
  0x0000000054f46800 JavaThread "Timer-1" daemon [_thread_blocked, id=24232, stack(0x0000000114000000,0x0000000118000000)]
  0x0000000054f46000 JavaThread "ClipboardMonitor Timer" daemon [_thread_blocked, id=25372, stack(0x0000000110000000,0x0000000114000000)]
  0x0000000053eb0000 JavaThread "Explorer NavigationContext request queue" daemon [_thread_blocked, id=18000, stack(0x0000000108000000,0x000000010c000000)]
  0x0000000053eb1000 JavaThread "AddressBar directory emptiness poller" daemon [_thread_blocked, id=18792, stack(0x0000000100000000,0x0000000104000000)]
  0x0000000053eae800 JavaThread "Explorer Refresh Service 514031817" daemon [_thread_blocked, id=9236, stack(0x00000000dc000000,0x00000000e0000000)]
  0x0000000053eaf800 JavaThread "Thread-4" daemon [_thread_blocked, id=22168, stack(0x00000000d4000000,0x00000000d8000000)]
  0x0000000054f4b000 JavaThread "TimerQueue" daemon [_thread_blocked, id=25584, stack(0x00000000cc000000,0x00000000d0000000)]
  0x0000000053eac800 JavaThread "Thread-3" daemon [_thread_blocked, id=23736, stack(0x00000000bc000000,0x00000000c0000000)]
  0x0000000053eab800 JavaThread "AWT-EventQueue-0" [_thread_blocked, id=24296, stack(0x00000000b8000000,0x00000000bc000000)]
  0x0000000053eab000 JavaThread "AWT-Shutdown" [_thread_blocked, id=19396, stack(0x00000000a8000000,0x00000000ac000000)]
  0x0000000054184000 JavaThread "FelixPackageAdmin" daemon [_thread_blocked, id=23320, stack(0x00000000c8000000,0x00000000cc000000)]
  0x00000000542c9800 JavaThread "FelixStartLevel" daemon [_thread_blocked, id=23184, stack(0x00000000c4000000,0x00000000c8000000)]
  0x00000000542c9000 JavaThread "FelixDispatchQueue" daemon [_thread_blocked, id=24928, stack(0x00000000c0000000,0x00000000c4000000)]
  0x0000000054243000 JavaThread "com.google.common.base.internal.Finalizer" daemon [_thread_blocked, id=22092, stack(0x00000000b4000000,0x00000000b8000000)]
  0x0000000054217000 JavaThread "AWT-Windows" daemon [_thread_in_native, id=24780, stack(0x00000000ac000000,0x00000000b0000000)]
  0x00000000541a4800 JavaThread "Java2D Disposer" daemon [_thread_blocked, id=19344, stack(0x00000000a4000000,0x00000000a8000000)]
  0x0000000053eb3000 JavaThread "Timer-0" [_thread_blocked, id=2192, stack(0x00000000a0000000,0x00000000a4000000)]
  0x000000003fddd800 JavaThread "EventMgr Dispatcher" daemon [_thread_in_native, id=9572, stack(0x000000009c000000,0x00000000a0000000)]
  0x000000003fd32000 JavaThread "Service Thread" daemon [_thread_blocked, id=22568, stack(0x0000000094000000,0x0000000098000000)]
  0x000000003fd27000 JavaThread "C2 CompilerThread1" daemon [_thread_blocked, id=23452, stack(0x0000000090000000,0x0000000094000000)]
  0x000000003fd22800 JavaThread "C2 CompilerThread0" daemon [_thread_blocked, id=20084, stack(0x000000008c000000,0x0000000090000000)]
  0x000000003fd1f800 JavaThread "Attach Listener" daemon [_thread_blocked, id=25236, stack(0x0000000088000000,0x000000008c000000)]
  0x000000003fcb8000 JavaThread "Finalizer" daemon [_thread_blocked, id=21880, stack(0x0000000084000000,0x0000000088000000)]
  0x000000003fcb2000 JavaThread "Reference Handler" daemon [_thread_blocked, id=23848, stack(0x0000000080000000,0x0000000084000000)]
  0x000000003faac800 JavaThread "main" [_thread_in_native, id=2732, stack(0x0000000000030000,0x0000000004030000)]

Other Threads:
  0x000000000e6ff000 VMThread [stack: 0x0000000077c70000,0x000000007bc70000] [id=23224]
  0x000000003fd81000 WatcherThread [stack: 0x0000000098000000,0x000000009c000000] [id=24704]

VM state:not at safepoint (normal execution)

VM Mutex/Monitor currently owned by a thread: None

Heap
 PSYoungGen      total 76096K, used 41087K [0x00000000fa000000, 0x00000000fff80000, 0x0000000100000000)
  eden space 55168K, 52% used [0x00000000fa000000,0x00000000fbc85ac0,0x00000000fd5e0000)
  from space 20928K, 56% used [0x00000000fea30000,0x00000000ff5ca430,0x00000000ffea0000)
  to   space 20800K, 0% used [0x00000000fd5e0000,0x00000000fd5e0000,0x00000000fea30000)
 ParOldGen       total 125376K, used 50597K [0x00000000e8000000, 0x00000000efa70000, 0x00000000fa000000)
  object space 125376K, 40% used [0x00000000e8000000,0x00000000eb169608,0x00000000efa70000)
 PSPermGen       total 108160K, used 66796K [0x00000000e0000000, 0x00000000e69a0000, 0x00000000e8000000)
  object space 108160K, 61% used [0x00000000e0000000,0x00000000e413b398,0x00000000e69a0000)

Card table byte_map: [0x000000003ef70000,0x000000003f080000] byte_map_base: 0x000000003e870000

Polling page: 0x0000000008570000

Code Cache  [0x0000000040280000, 0x0000000040910000, 0x0000000043280000)
 total_blobs=2909 nmethods=2219 adapters=638 free_code_cache=42568Kb largest_free_block=43469184

Compilation events (10 events):
Event: 944.165 Thread 0x000000003fd22800 nmethod 2366 0x00000000408e9490 code [0x00000000408e9700, 0x00000000408e9f48]
Event: 944.357 Thread 0x000000003fd27000 nmethod 2364 0x00000000408f0b90 code [0x00000000408f1560, 0x00000000408f5a88]
Event: 945.142 Thread 0x000000003fd22800 2367             java.net.URI$Parser::scan (50 bytes)
Event: 945.151 Thread 0x000000003fd22800 nmethod 2367 0x00000000408cfc50 code [0x00000000408cfda0, 0x00000000408d0138]
Event: 945.253 Thread 0x000000003fd27000 2368   !         sun.reflect.GeneratedConstructorAccessor18::newInstance (49 bytes)
Event: 945.257 Thread 0x000000003fd27000 nmethod 2368 0x00000000408ce450 code [0x00000000408ce5c0, 0x00000000408ce798]
Event: 945.260 Thread 0x000000003fd22800 2369             com.jniwrapper.Pointer$OutOnly::pop (23 bytes)
Event: 945.261 Thread 0x000000003fd27000 2370             com.jniwrapper.Pointer$OutOnly::push (19 bytes)
Event: 945.264 Thread 0x000000003fd27000 nmethod 2370 0x00000000408e4a90 code [0x00000000408e4be0, 0x00000000408e4c88]
Event: 945.282 Thread 0x000000003fd22800 nmethod 2369 0x00000000408efdd0 code [0x00000000408effa0, 0x00000000408f03d0]

GC Heap History (10 events):
Event: 850.494 GC heap before
{Heap before GC invocations=47 (full 3):
 PSYoungGen      total 76672K, used 76661K [0x00000000fa000000, 0x0000000100000000, 0x0000000100000000)
  eden space 62848K, 100% used [0x00000000fa000000,0x00000000fdd60000,0x00000000fdd60000)
  from space 13824K, 99% used [0x00000000fdd60000,0x00000000feadd410,0x00000000feae0000)
  to   space 19264K, 0% used [0x00000000fed30000,0x00000000fed30000,0x0000000100000000)
 ParOldGen       total 125376K, used 50597K [0x00000000e8000000, 0x00000000efa70000, 0x00000000fa000000)
  object space 125376K, 40% used [0x00000000e8000000,0x00000000eb169608,0x00000000efa70000)
 PSPermGen       total 108160K, used 66225K [0x00000000e0000000, 0x00000000e69a0000, 0x00000000e8000000)
  object space 108160K, 61% used [0x00000000e0000000,0x00000000e40ac548,0x00000000e69a0000)
Event: 850.563 GC heap after
Heap after GC invocations=47 (full 3):
 PSYoungGen      total 76224K, used 14293K [0x00000000fa000000, 0x0000000100000000, 0x0000000100000000)
  eden space 56960K, 0% used [0x00000000fa000000,0x00000000fa000000,0x00000000fd7a0000)
  from space 19264K, 74% used [0x00000000fed30000,0x00000000ffb25410,0x0000000100000000)
  to   space 20672K, 0% used [0x00000000fd7a0000,0x00000000fd7a0000,0x00000000febd0000)
 ParOldGen       total 125376K, used 50597K [0x00000000e8000000, 0x00000000efa70000, 0x00000000fa000000)
  object space 125376K, 40% used [0x00000000e8000000,0x00000000eb169608,0x00000000efa70000)
 PSPermGen       total 108160K, used 66225K [0x00000000e0000000, 0x00000000e69a0000, 0x00000000e8000000)
  object space 108160K, 61% used [0x00000000e0000000,0x00000000e40ac548,0x00000000e69a0000)
}
Event: 876.000 GC heap before
{Heap before GC invocations=48 (full 3):
 PSYoungGen      total 76224K, used 71253K [0x00000000fa000000, 0x0000000100000000, 0x0000000100000000)
  eden space 56960K, 100% used [0x00000000fa000000,0x00000000fd7a0000,0x00000000fd7a0000)
  from space 19264K, 74% used [0x00000000fed30000,0x00000000ffb25410,0x0000000100000000)
  to   space 20672K, 0% used [0x00000000fd7a0000,0x00000000fd7a0000,0x00000000febd0000)
 ParOldGen       total 125376K, used 50597K [0x00000000e8000000, 0x00000000efa70000, 0x00000000fa000000)
  object space 125376K, 40% used [0x00000000e8000000,0x00000000eb169608,0x00000000efa70000)
 PSPermGen       total 108160K, used 66256K [0x00000000e0000000, 0x00000000e69a0000, 0x00000000e8000000)
  object space 108160K, 61% used [0x00000000e0000000,0x00000000e40b4140,0x00000000e69a0000)
Event: 876.081 GC heap after
Heap after GC invocations=48 (full 3):
 PSYoungGen      total 70592K, used 13577K [0x00000000fa000000, 0x0000000100000000, 0x0000000100000000)
  eden space 56960K, 0% used [0x00000000fa000000,0x00000000fa000000,0x00000000fd7a0000)
  from space 13632K, 99% used [0x00000000fd7a0000,0x00000000fe4e2428,0x00000000fe4f0000)
  to   space 21440K, 0% used [0x00000000feb10000,0x00000000feb10000,0x0000000100000000)
 ParOldGen       total 125376K, used 50597K [0x00000000e8000000, 0x00000000efa70000, 0x00000000fa000000)
  object space 125376K, 40% used [0x00000000e8000000,0x00000000eb169608,0x00000000efa70000)
 PSPermGen       total 108160K, used 66256K [0x00000000e0000000, 0x00000000e69a0000, 0x00000000e8000000)
  object space 108160K, 61% used [0x00000000e0000000,0x00000000e40b4140,0x00000000e69a0000)
}
Event: 903.787 GC heap before
{Heap before GC invocations=49 (full 3):
 PSYoungGen      total 70592K, used 70537K [0x00000000fa000000, 0x0000000100000000, 0x0000000100000000)
  eden space 56960K, 100% used [0x00000000fa000000,0x00000000fd7a0000,0x00000000fd7a0000)
  from space 13632K, 99% used [0x00000000fd7a0000,0x00000000fe4e2428,0x00000000fe4f0000)
  to   space 21440K, 0% used [0x00000000feb10000,0x00000000feb10000,0x0000000100000000)
 ParOldGen       total 125376K, used 50597K [0x00000000e8000000, 0x00000000efa70000, 0x00000000fa000000)
  object space 125376K, 40% used [0x00000000e8000000,0x00000000eb169608,0x00000000efa70000)
 PSPermGen       total 108160K, used 66264K [0x00000000e0000000, 0x00000000e69a0000, 0x00000000e8000000)
  object space 108160K, 61% used [0x00000000e0000000,0x00000000e40b6260,0x00000000e69a0000)
Event: 903.888 GC heap after
Heap after GC invocations=49 (full 3):
 PSYoungGen      total 76096K, used 12972K [0x00000000fa000000, 0x0000000100000000, 0x0000000100000000)
  eden space 54656K, 0% used [0x00000000fa000000,0x00000000fa000000,0x00000000fd560000)
  from space 21440K, 60% used [0x00000000feb10000,0x00000000ff7bb3f0,0x0000000100000000)
  to   space 21824K, 0% used [0x00000000fd560000,0x00000000fd560000,0x00000000feab0000)
 ParOldGen       total 125376K, used 50597K [0x00000000e8000000, 0x00000000efa70000, 0x00000000fa000000)
  object space 125376K, 40% used [0x00000000e8000000,0x00000000eb169608,0x00000000efa70000)
 PSPermGen       total 108160K, used 66264K [0x00000000e0000000, 0x00000000e69a0000, 0x00000000e8000000)
  object space 108160K, 61% used [0x00000000e0000000,0x00000000e40b6260,0x00000000e69a0000)
}
Event: 930.784 GC heap before
{Heap before GC invocations=50 (full 3):
 PSYoungGen      total 76096K, used 67628K [0x00000000fa000000, 0x0000000100000000, 0x0000000100000000)
  eden space 54656K, 100% used [0x00000000fa000000,0x00000000fd560000,0x00000000fd560000)
  from space 21440K, 60% used [0x00000000feb10000,0x00000000ff7bb3f0,0x0000000100000000)
  to   space 21824K, 0% used [0x00000000fd560000,0x00000000fd560000,0x00000000feab0000)
 ParOldGen       total 125376K, used 50597K [0x00000000e8000000, 0x00000000efa70000, 0x00000000fa000000)
  object space 125376K, 40% used [0x00000000e8000000,0x00000000eb169608,0x00000000efa70000)
 PSPermGen       total 108160K, used 66323K [0x00000000e0000000, 0x00000000e69a0000, 0x00000000e8000000)
  object space 108160K, 61% used [0x00000000e0000000,0x00000000e40c4fc0,0x00000000e69a0000)
Event: 930.825 GC heap after
Heap after GC invocations=50 (full 3):
 PSYoungGen      total 64832K, used 10151K [0x00000000fa000000, 0x00000000ffea0000, 0x0000000100000000)
  eden space 54656K, 0% used [0x00000000fa000000,0x00000000fa000000,0x00000000fd560000)
  from space 10176K, 99% used [0x00000000fd560000,0x00000000fdf49c08,0x00000000fdf50000)
  to   space 20928K, 0% used [0x00000000fea30000,0x00000000fea30000,0x00000000ffea0000)
 ParOldGen       total 125376K, used 50597K [0x00000000e8000000, 0x00000000efa70000, 0x00000000fa000000)
  object space 125376K, 40% used [0x00000000e8000000,0x00000000eb169608,0x00000000efa70000)
 PSPermGen       total 108160K, used 66323K [0x00000000e0000000, 0x00000000e69a0000, 0x00000000e8000000)
  object space 108160K, 61% used [0x00000000e0000000,0x00000000e40c4fc0,0x00000000e69a0000)
}
Event: 937.023 GC heap before
{Heap before GC invocations=51 (full 3):
 PSYoungGen      total 64832K, used 64807K [0x00000000fa000000, 0x00000000ffea0000, 0x0000000100000000)
  eden space 54656K, 100% used [0x00000000fa000000,0x00000000fd560000,0x00000000fd560000)
  from space 10176K, 99% used [0x00000000fd560000,0x00000000fdf49c08,0x00000000fdf50000)
  to   space 20928K, 0% used [0x00000000fea30000,0x00000000fea30000,0x00000000ffea0000)
 ParOldGen       total 125376K, used 50597K [0x00000000e8000000, 0x00000000efa70000, 0x00000000fa000000)
  object space 125376K, 40% used [0x00000000e8000000,0x00000000eb169608,0x00000000efa70000)
 PSPermGen       total 108160K, used 66775K [0x00000000e0000000, 0x00000000e69a0000, 0x00000000e8000000)
  object space 108160K, 61% used [0x00000000e0000000,0x00000000e4135fc0,0x00000000e69a0000)
Event: 937.075 GC heap after
Heap after GC invocations=51 (full 3):
 PSYoungGen      total 76096K, used 11881K [0x00000000fa000000, 0x00000000fff80000, 0x0000000100000000)
  eden space 55168K, 0% used [0x00000000fa000000,0x00000000fa000000,0x00000000fd5e0000)
  from space 20928K, 56% used [0x00000000fea30000,0x00000000ff5ca430,0x00000000ffea0000)
  to   space 20800K, 0% used [0x00000000fd5e0000,0x00000000fd5e0000,0x00000000fea30000)
 ParOldGen       total 125376K, used 50597K [0x00000000e8000000, 0x00000000efa70000, 0x00000000fa000000)
  object space 125376K, 40% used [0x00000000e8000000,0x00000000eb169608,0x00000000efa70000)
 PSPermGen       total 108160K, used 66775K [0x00000000e0000000, 0x00000000e69a0000, 0x00000000e8000000)
  object space 108160K, 61% used [0x00000000e0000000,0x00000000e4135fc0,0x00000000e69a0000)
}

Deoptimization events (10 events):
Event: 932.005 Thread 0x0000000053eab800 Uncommon trap -12 fr.pc 0x000000004087161c
Event: 932.177 Thread 0x0000000053eab800 Uncommon trap -34 fr.pc 0x000000004088aee8
Event: 932.178 Thread 0x0000000053eab800 Uncommon trap -58 fr.pc 0x0000000040888804
Event: 932.178 Thread 0x0000000053eab800 Uncommon trap -58 fr.pc 0x0000000040891808
Event: 932.305 Thread 0x0000000053eab800 Uncommon trap -58 fr.pc 0x0000000040888804
Event: 932.306 Thread 0x0000000053eab800 Uncommon trap -58 fr.pc 0x0000000040891808
Event: 932.618 Thread 0x000000003debf000 Uncommon trap -12 fr.pc 0x0000000040898714
Event: 937.017 Thread 0x0000000053eab800 Uncommon trap -83 fr.pc 0x00000000406ee8f4
Event: 942.576 Thread 0x0000000053eab800 Uncommon trap -83 fr.pc 0x0000000040813f30
Event: 945.506 Thread 0x000000003debf000 Uncommon trap -34 fr.pc 0x000000004087c840

Internal exceptions (10 events):
Event: 932.614 Thread 0x00000000751d4000 Threw 0x00000000fc5b7708 at C:\jdk7u1_64p\jdk7u11\hotspot\src\share\vm\prims\jvm.cpp:1166
Event: 932.617 Thread 0x000000003debf000 Implicit null exception at 0x0000000040897eb4 to 0x00000000408986f9
Event: 933.181 Thread 0x0000000053eab800 Threw 0x00000000fcc874e8 at C:\jdk7u1_64p\jdk7u11\hotspot\src\share\vm\prims\jvm.cpp:1166
Event: 933.182 Thread 0x0000000053eab800 Threw 0x00000000fce31c68 at C:\jdk7u1_64p\jdk7u11\hotspot\src\share\vm\prims\jvm.cpp:1166
Event: 945.093 Thread 0x000000003debf000 Threw 0x00000000fb635b80 at C:\jdk7u1_64p\jdk7u11\hotspot\src\share\vm\runtime\reflection.cpp:1039
Event: 945.144 Thread 0x000000003debf000 Threw 0x00000000fb6dfb30 at C:\jdk7u1_64p\jdk7u11\hotspot\src\share\vm\prims\jvm.cpp:1166
Event: 945.147 Thread 0x000000003debf000 Threw 0x00000000fb7813e0 at C:\jdk7u1_64p\jdk7u11\hotspot\src\share\vm\prims\jvm.cpp:1166
Event: 945.162 Thread 0x000000003debf000 Threw 0x00000000fb8b95c8 at C:\jdk7u1_64p\jdk7u11\hotspot\src\share\vm\prims\jvm.cpp:1166
Event: 945.505 Thread 0x000000003debf000 Threw 0x00000000fbc41a50 at C:\jdk7u1_64p\jdk7u11\hotspot\src\share\vm\prims\jvm.cpp:1166
Event: 945.506 Thread 0x000000003debf000 Implicit null exception at 0x00000000408a66ae to 0x0000000000000000

Events (10 events):
Event: 945.144 loading class 0x00000000747c5ca0
Event: 945.144 loading class 0x00000000747c5ca0 done
Event: 945.147 loading class 0x00000000747c52f0
Event: 945.147 loading class 0x00000000747c52f0 done
Event: 945.162 loading class 0x00000000747c5f70
Event: 945.162 loading class 0x00000000747c5f70 done
Event: 945.505 loading class 0x000000007472c360
Event: 945.505 loading class 0x000000007472c360 done
Event: 945.506 Thread 0x000000003debf000 DEOPT PACKING pc=0x000000004087c840 sp=0x000000016001c540
Event: 945.506 Thread 0x000000003debf000 DEOPT UNPACKING pc=0x00000000402b9164 sp=0x000000016001c4e8 mode 2


Dynamic libraries:
0x0000000140000000 - 0x0000000140029000 	C:\Program Files\MATLAB\R2013b\bin\win64\MATLAB.exe
0x0000000077a90000 - 0x0000000077c3a000 	C:\Windows\SYSTEM32\ntdll.dll
0x0000000077870000 - 0x000000007798f000 	C:\Windows\system32\kernel32.dll
0x000007fefdb60000 - 0x000007fefdbca000 	C:\Windows\system32\KERNELBASE.dll
0x000000006f060000 - 0x000000006f3dc000 	C:\Program Files\MATLAB\R2013b\bin\win64\libmwservices.dll
0x000000006fe80000 - 0x000000006ff56000 	C:\Program Files\MATLAB\R2013b\bin\win64\libmwi18n.dll
0x000000006fe70000 - 0x000000006fe7d000 	C:\Program Files\MATLAB\R2013b\bin\win64\libmwresource_core.dll
0x0000000070880000 - 0x0000000070918000 	C:\Program Files\MATLAB\R2013b\bin\win64\MSVCP100.dll
0x00000000713d0000 - 0x00000000714a2000 	C:\Program Files\MATLAB\R2013b\bin\win64\MSVCR100.dll
0x0000000075060000 - 0x000000007506e000 	C:\Program Files\MATLAB\R2013b\bin\win64\boost_date_time-vc100-mt-1_49.dll
0x0000000071bc0000 - 0x0000000071bec000 	C:\Program Files\MATLAB\R2013b\bin\win64\boost_filesystem-vc100-mt-1_49.dll
0x0000000075080000 - 0x0000000075089000 	C:\Program Files\MATLAB\R2013b\bin\win64\boost_system-vc100-mt-1_49.dll
0x000007fefe040000 - 0x000007fefe11b000 	C:\Windows\system32\ADVAPI32.dll
0x000007fefdef0000 - 0x000007fefdf8f000 	C:\Windows\system32\msvcrt.dll
0x000007fefe340000 - 0x000007fefe35f000 	C:\Windows\SYSTEM32\sechost.dll
0x000007fefe1c0000 - 0x000007fefe2ed000 	C:\Windows\system32\RPCRT4.dll
0x0000000073b40000 - 0x0000000073b65000 	C:\Program Files\MATLAB\R2013b\bin\win64\LIBEXPAT.dll
0x00000000706f0000 - 0x000000007087a000 	C:\Program Files\MATLAB\R2013b\bin\win64\icuin49.dll
0x00000000705b0000 - 0x00000000706ee000 	C:\Program Files\MATLAB\R2013b\bin\win64\icuuc49.dll
0x0000000052c20000 - 0x0000000053d42000 	C:\Program Files\MATLAB\R2013b\bin\win64\icudt49.dll
0x0000000074cd0000 - 0x0000000074ce0000 	C:\Program Files\MATLAB\R2013b\bin\win64\icuio49.dll
0x00000000042a0000 - 0x000000000435b000 	C:\Program Files\MATLAB\R2013b\bin\win64\libut.dll
0x000000006f960000 - 0x000000006fb07000 	C:\Program Files\MATLAB\R2013b\bin\win64\libmwfl.dll
0x0000000004360000 - 0x000000000476f000 	C:\Program Files\MATLAB\R2013b\bin\win64\libmwMATLAB_res.dll
0x00000000704d0000 - 0x00000000705af000 	C:\Program Files\MATLAB\R2013b\bin\win64\boost_regex-vc100-mt-1_49.dll
0x0000000077990000 - 0x0000000077a8a000 	C:\Windows\system32\USER32.dll
0x000007fefe360000 - 0x000007fefe3c7000 	C:\Windows\system32\GDI32.dll
0x000007feffa30000 - 0x000007feffa3e000 	C:\Windows\system32\LPK.dll
0x000007feffcd0000 - 0x000007feffd9a000 	C:\Windows\system32\USP10.dll
0x0000000071b50000 - 0x0000000071b61000 	C:\Program Files\MATLAB\R2013b\bin\win64\boost_signals-vc100-mt-1_49.dll
0x0000000071b70000 - 0x0000000071b81000 	C:\Program Files\MATLAB\R2013b\bin\win64\boost_thread-vc100-mt-1_49.dll
0x0000000070440000 - 0x00000000704cc000 	C:\Program Files\MATLAB\R2013b\bin\win64\boost_log-vc100-mt-1_49.dll
0x0000000077c60000 - 0x0000000077c67000 	C:\Windows\system32\PSAPI.DLL
0x000007fefe2f0000 - 0x000007fefe33d000 	C:\Windows\system32\WS2_32.dll
0x000007feff6d0000 - 0x000007feff6d8000 	C:\Windows\system32\NSI.dll
0x000007fef01d0000 - 0x000007fef0203000 	C:\Program Files\MATLAB\R2013b\bin\win64\tbb.dll
0x000007feff440000 - 0x000007feff459000 	C:\Windows\system32\imagehlp.dll
0x000007fefc840000 - 0x000007fefc86c000 	C:\Windows\system32\POWRPROF.dll
0x000007fefe3d0000 - 0x000007fefe5a7000 	C:\Windows\system32\SETUPAPI.dll
0x000007fefda50000 - 0x000007fefda86000 	C:\Windows\system32\CFGMGR32.dll
0x000007feff5f0000 - 0x000007feff6c8000 	C:\Windows\system32\OLEAUT32.dll
0x000007fefdce0000 - 0x000007fefdee3000 	C:\Windows\system32\ole32.dll
0x000007fefda10000 - 0x000007fefda2a000 	C:\Windows\system32\DEVOBJ.dll
0x0000000004770000 - 0x000000000486b000 	C:\Program Files\MATLAB\R2013b\bin\win64\libmx.dll
0x000007fef4e50000 - 0x000007fef4e78000 	C:\Program Files\MATLAB\R2013b\bin\win64\tbbmalloc.dll
0x00000000718f0000 - 0x0000000071907000 	C:\Program Files\MATLAB\R2013b\bin\win64\zlib1.dll
0x000000006ef00000 - 0x000000006ef4e000 	C:\Program Files\MATLAB\R2013b\bin\win64\libmwregexp.dll
0x000000006eeb0000 - 0x000000006eef7000 	C:\Program Files\MATLAB\R2013b\bin\win64\mpath.dll
0x0000000004870000 - 0x0000000004e98000 	C:\Program Files\MATLAB\R2013b\bin\win64\mlutil.dll
0x000000006e870000 - 0x000000006e8e7000 	C:\Program Files\MATLAB\R2013b\bin\win64\xmlcore.dll
0x00000000701f0000 - 0x0000000070431000 	C:\Program Files\MATLAB\R2013b\bin\win64\xerces-c_2_7.dll
0x000000006e5f0000 - 0x000000006e613000 	C:\Program Files\MATLAB\R2013b\bin\win64\libmwMATLAB_settings_res.dll
0x0000000075050000 - 0x0000000075060000 	C:\Program Files\MATLAB\R2013b\bin\win64\boost_iostreams-vc100-mt-1_49.dll
0x0000000070930000 - 0x0000000070976000 	C:\Program Files\MATLAB\R2013b\bin\win64\boost_serialization-vc100-mt-1_49.dll
0x000007fefe610000 - 0x000007feff39c000 	C:\Windows\system32\SHELL32.dll
0x000007feff6e0000 - 0x000007feff751000 	C:\Windows\system32\SHLWAPI.dll
0x000000006e580000 - 0x000000006e586000 	C:\Program Files\MATLAB\R2013b\bin\win64\libmwnativedisplay.dll
0x00000000685f0000 - 0x000000006863d000 	C:\Program Files\MATLAB\R2013b\bin\win64\opccore.dll
0x00000000684f0000 - 0x00000000685c6000 	C:\Program Files\MATLAB\R2013b\bin\win64\opcmodel.dll
0x00000000684c0000 - 0x00000000684ed000 	C:\Program Files\MATLAB\R2013b\bin\win64\opczippackage.dll
0x0000000071fb0000 - 0x0000000071fbe000 	C:\Program Files\MATLAB\R2013b\bin\win64\libminizip.dll
0x0000000068340000 - 0x00000000683a6000 	C:\Program Files\MATLAB\R2013b\bin\win64\opcmwservices.dll
0x000007fefa640000 - 0x000007fefa6e0000 	C:\Windows\WinSxS\amd64_microsoft.windows.common-controls_6595b64144ccf1df_5.82.7601.18837_none_a4d981ff711297b6\COMCTL32.dll
0x000007fefe120000 - 0x000007fefe1b7000 	C:\Windows\system32\COMDLG32.dll
0x000007fefb750000 - 0x000007fefb766000 	C:\Windows\system32\NETAPI32.dll
0x000007fefb710000 - 0x000007fefb71c000 	C:\Windows\system32\netutils.dll
0x000007fefd2b0000 - 0x000007fefd2d3000 	C:\Windows\system32\srvcli.dll
0x000007fefb680000 - 0x000007fefb695000 	C:\Windows\system32\wkscli.dll
0x000000006e4d0000 - 0x000000006e57d000 	C:\Program Files\MATLAB\R2013b\bin\win64\mcr.dll
0x000000006e110000 - 0x000000006e4d0000 	C:\Program Files\MATLAB\R2013b\bin\win64\iqm.dll
0x0000000180000000 - 0x00000001800c2000 	C:\Program Files\MATLAB\R2013b\bin\win64\m_dispatcher.dll
0x0000000004ea0000 - 0x000000000569b000 	C:\Program Files\MATLAB\R2013b\bin\win64\m_interpreter.dll
0x000000006d760000 - 0x000000006d784000 	C:\Program Files\MATLAB\R2013b\bin\win64\libmex.dll
0x000000006d6e0000 - 0x000000006d75b000 	C:\Program Files\MATLAB\R2013b\bin\win64\profiler.dll
0x000000006d450000 - 0x000000006d5c8000 	C:\Program Files\MATLAB\R2013b\bin\win64\libmwmathutil.dll
0x000000006d420000 - 0x000000006d447000 	C:\Program Files\MATLAB\R2013b\bin\win64\libmwmathrng.dll
0x000000006d410000 - 0x000000006d420000 	C:\Program Files\MATLAB\R2013b\bin\win64\libmwmfl_rng.dll
0x00000000056a0000 - 0x00000000057b8000 	C:\Program Files\MATLAB\R2013b\bin\win64\libmwmathcore.dll
0x000000006d2b0000 - 0x000000006d313000 	C:\Program Files\MATLAB\R2013b\bin\win64\libmwspmatrix.dll
0x00000000057c0000 - 0x0000000005a22000 	C:\Program Files\MATLAB\R2013b\bin\win64\mcos.dll
0x000000006cfc0000 - 0x000000006d01c000 	C:\Program Files\MATLAB\R2013b\bin\win64\libmwcholmod.dll
0x000000006cfb0000 - 0x000000006cfbc000 	C:\Program Files\MATLAB\R2013b\bin\win64\libmwamd.dll
0x000000006cfa0000 - 0x000000006cfab000 	C:\Program Files\MATLAB\R2013b\bin\win64\libmwcolamd.dll
0x000000006cf80000 - 0x000000006cf93000 	C:\Program Files\MATLAB\R2013b\bin\win64\libmwblas.dll
0x000000006cf60000 - 0x000000006cf75000 	C:\Program Files\MATLAB\R2013b\bin\win64\libmwbinder.dll
0x000000006cf50000 - 0x000000006cf5b000 	C:\Program Files\MATLAB\R2013b\bin\win64\libmwompwrapper.dll
0x000000006ced0000 - 0x000000006cf4f000 	C:\Program Files\MATLAB\R2013b\bin\win64\libmwlapack.dll
0x000000006ceb0000 - 0x000000006ced0000 	C:\Program Files\MATLAB\R2013b\bin\win64\m_pcodeio.dll
0x000000006ce50000 - 0x000000006ceac000 	C:\Program Files\MATLAB\R2013b\bin\win64\m_ir.dll
0x0000000005a30000 - 0x00000000060e5000 	C:\Program Files\MATLAB\R2013b\bin\win64\m_parser.dll
0x000000006c780000 - 0x000000006c797000 	C:\Program Files\MATLAB\R2013b\bin\win64\ir_xfmr.dll
0x000000006c770000 - 0x000000006c780000 	C:\Program Files\MATLAB\R2013b\bin\win64\mtok.dll
0x000000006c740000 - 0x000000006c768000 	C:\Program Files\MATLAB\R2013b\bin\win64\m_pcodegen.dll
0x000007feed4b0000 - 0x000007feed5d5000 	C:\Windows\system32\dbghelp.dll
0x000000006c710000 - 0x000000006c73f000 	C:\Program Files\MATLAB\R2013b\bin\win64\libmwbridge.dll
0x000000006c650000 - 0x000000006c706000 	C:\Program Files\MATLAB\R2013b\bin\win64\udd.dll
0x00000000060f0000 - 0x0000000006241000 	C:\Program Files\MATLAB\R2013b\bin\win64\libmwgui.dll
0x000000006c4d0000 - 0x000000006c4f8000 	C:\Program Files\MATLAB\R2013b\bin\win64\graphics_util.dll
0x0000000070130000 - 0x00000000701e8000 	C:\Program Files\MATLAB\R2013b\bin\win64\libtex_base.dll
0x000000006bac0000 - 0x000000006c426000 	C:\Program Files\MATLAB\R2013b\bin\win64\hg.dll
0x000000006ba60000 - 0x000000006babd000 	C:\Program Files\MATLAB\R2013b\bin\win64\libmat.dll
0x000000006b850000 - 0x000000006ba58000 	C:\Program Files\MATLAB\R2013b\bin\win64\hdf5dll.dll
0x000000006b780000 - 0x000000006b848000 	C:\Program Files\MATLAB\R2013b\bin\win64\jmi.dll
0x000000006b770000 - 0x000000006b77e000 	C:\Program Files\MATLAB\R2013b\bin\win64\nativejava_services.dll
0x0000000004120000 - 0x0000000004162000 	C:\Program Files\MATLAB\R2013b\bin\win64\libmwhardcopy.dll
0x000000006b6d0000 - 0x000000006b72e000 	C:\Program Files\MATLAB\R2013b\bin\win64\libuij.dll
0x000000006b490000 - 0x000000006b695000 	C:\Program Files\MATLAB\R2013b\bin\win64\hgdatatypes.dll
0x0000000006250000 - 0x0000000006362000 	C:\Program Files\MATLAB\R2013b\bin\win64\hgutils.dll
0x000000006b2f0000 - 0x000000006b39e000 	C:\Program Files\MATLAB\R2013b\bin\win64\udd_mi.dll
0x000000006b2b0000 - 0x000000006b2e6000 	C:\Program Files\MATLAB\R2013b\bin\win64\libmwgbtutils.dll
0x000000006b290000 - 0x000000006b2a3000 	C:\Program Files\MATLAB\R2013b\bin\win64\libmwgbt.dll
0x000000006afc0000 - 0x000000006b28f000 	C:\Program Files\MATLAB\R2013b\bin\win64\uiw.dll
0x000000006afb0000 - 0x000000006afb9000 	C:\Program Files\MATLAB\R2013b\bin\win64\uinone.dll
0x000000006af80000 - 0x000000006afac000 	C:\Program Files\MATLAB\R2013b\bin\win64\libmwnativedialogs.dll
0x000000006af70000 - 0x000000006af7c000 	C:\Program Files\MATLAB\R2013b\bin\win64\libmwplatform_res.dll
0x000007fef9440000 - 0x000007fef9458000 	C:\Windows\system32\MPR.dll
0x0000000056550000 - 0x0000000056aad000 	C:\Program Files\MATLAB\R2013b\bin\win64\mfc100.dll
0x000007fefa6e0000 - 0x000007fefa6e7000 	C:\Windows\system32\MSIMG32.dll
0x000007fefa280000 - 0x000007fefa2f1000 	C:\Windows\system32\WINSPOOL.DRV
0x000000006af50000 - 0x000000006af6d000 	C:\Program Files\MATLAB\R2013b\bin\win64\mwoles05.DLL
0x000000006aee0000 - 0x000000006af4c000 	C:\Program Files\MATLAB\R2013b\bin\win64\comcli.dll
0x0000000071150000 - 0x000000007117b000 	C:\Program Files\MATLAB\R2013b\bin\win64\ATL100.DLL
0x000000006aed0000 - 0x000000006aedc000 	C:\Program Files\MATLAB\R2013b\bin\win64\mlautoregister.dll
0x0000000006370000 - 0x00000000064df000 	C:\Program Files\MATLAB\R2013b\bin\win64\mvm.dll
0x000007fefdf90000 - 0x000007fefdfbe000 	C:\Windows\system32\IMM32.DLL
0x000007fefdbd0000 - 0x000007fefdcd9000 	C:\Windows\system32\MSCTF.dll
0x000000006db00000 - 0x000000006db39000 	C:\PROGRA~2\Sophos\SOPHOS~1\SOPHOS~2.DLL
0x000007fefbef0000 - 0x000007fefbf46000 	C:\Windows\system32\UxTheme.dll

VM Arguments:
jvm_args: -XX:PermSize=32m -Xms64m -XX:NewRatio=3 -XX:MaxPermSize=128m -Xmx384m -XX:MaxDirectMemorySize=2147400000 -Dsun.java2d.noddraw=true -Dsun.awt.nopixfmt=true -Xshare:off -Xrs -XX:-UseSplitVerifier -Djava.library.path=C:\Program Files\MATLAB\R2013b\bin\win64;C:\Program Files\MATLAB\R2013b\sys\jxbrowser\win64\lib vfprintf abort -Duser.language=en -Duser.country=US -XX:ParallelGCThreads=6 
java_command: <unknown>
Launcher Type: generic

Environment Variables:
PATH=C:\ProgramData\Oracle\Java\javapath;C:\Windows\system32;C:\Windows;C:\Windows\System32\Wbem;C:\Windows\System32\WindowsPowerShell\v1.0\;C:\Program Files (x86)\ATI Technologies\ATI.ACE\Core-Static;C:\Program Files (x86)\Skype\Phone\;C:\Program Files (x86)\QuickTime\QTSystem\;C:\Program Files\MATLAB\R2013b\runtime\win64;C:\Program Files\MATLAB\R2013b\bin
USERNAME=Harp
OS=Windows_NT
PROCESSOR_IDENTIFIER=Intel64 Family 6 Model 30 Stepping 5, GenuineIntel



---------------  S Y S T E M  ---------------

OS: Windows 7 , 64 bit Build 7601 Service Pack 1

CPU:total 8 (4 cores per cpu, 2 threads per core) family 6 model 30 stepping 5, cmov, cx8, fxsr, mmx, sse, sse2, sse3, ssse3, sse4.1, sse4.2, popcnt, ht, tsc, tscinvbit

Memory: 4k page, physical 16768048k(8754140k free), swap 33534236k(25338440k free)

vm_info: Java HotSpot(TM) 64-Bit Server VM (23.6-b04) for windows-amd64 JRE (1.7.0_11-b21), built on Jan 12 2013 02:38:42 by "java_re" with unknown MS VC++:1600

time: Wed Jul 13 14:46:28 2016
elapsed time: 945 seconds

